Info: ili2pg-3.6.1-20170120
Info: ili2c-4.6.1-20170109
Info: java.version 1.8.0_111
Info: user.name <user>
Info: maxMemory 3715584 KB
Info: dbschema <public>
Info: dburl <jdbc:postgresql://localhost:5432/curso_interlis>
Info: dbusr <postgres>
Info: databaseProduct <PostgreSQL>
Info: databaseVersion <9.5.4>
Info: driverVersion <PostgreSQL 9.4.1208.jre6>
Info: postGISVersion <POSTGIS="2.2.2 r14797" GEOS="3.5.0-CAPI-1.9.0 r4090" PROJ="Rel. 4.9.1, 04 March 2015" GDAL="GDAL 2.0.2, released 2016/01/26" LIBXML="2.7.8" LIBJSON="0.12" RASTER>
Info: compile models...
Info: lookup model <ISO19107_V1_MAGNABOG> 2.3 in repository <C:\Users\user\Desktop\ili2pg-3.6.1\models>
Info: lookup model <LADM_V1> 2.3 in repository <C:\Users\user\Desktop\ili2pg-3.6.1\models>
Info: ilifile <C:\Users\user\Desktop\ili2pg-3.6.1\models\ISO19107_V1_MAGNABOG.ili>
Info: ilifile <C:\Users\user\Desktop\ili2pg-3.6.1\models\LADM_V1.ili>
Info: ilifile <models\Catastro_COL_V1_2_ES.ili>
Info: create table structure...
Info: ...done
