Info: ili2pg-3.6.1-20170120
Info: ili2c-4.6.1-20170109
Info: java.version 1.8.0_111
Info: user.name <user>
Info: maxMemory 3715584 KB
Info: dburl <jdbc:postgresql://localhost:5432/ladm_co_exported_data>
Info: dbusr <postgres>
Info: databaseProduct <PostgreSQL>
Info: databaseVersion <9.5.4>
Info: driverVersion <PostgreSQL 9.4.1208.jre6>
Info: postGISVersion <POSTGIS="2.2.2 r14797" GEOS="3.5.0-CAPI-1.9.0 r4090" PROJ="Rel. 4.9.1, 04 March 2015" GDAL="GDAL 2.0.2, released 2016/01/26" LIBXML="2.7.8" LIBJSON="0.12" RASTER>
Info: compile models...
Info: lookup model <Catastro_COL_V1_2_ES> in repository <models/>
Info: lookup model <ISO19107_V1_MAGNABOG> 2.3 in repository <models/>
Info: lookup model <LADM_V1> 2.3 in repository <models/>
Info: ilifile <models\ISO19107_V1_MAGNABOG.ili>
Info: ilifile <models\LADM_V1.ili>
Info: ilifile <models\Catastro_COL_V1_2_ES.ili>
Info: process data...
Info: data <export_ladm_co.xtf>
Info: Catastro_COL_V1_2_ES.Catastro_Registro.PuntoControl...
Info: Catastro_COL_V1_2_ES.Catastro_Registro.Predio...
Info: Catastro_COL_V1_2_ES.Catastro_Registro.PuntoLindero...
Info: Catastro_COL_V1_2_ES.Catastro_Registro.Lindero...
Info: Catastro_COL_V1_2_ES.Catastro_Registro.Terreno...
Info: Catastro_COL_V1_2_ES.Catastro_Registro.ServidumbrePaso...
Info: Catastro_COL_V1_2_ES.Catastro_Registro.Construccion...
Info: Catastro_COL_V1_2_ES.Catastro_Registro.UnidadConstruccion...
Info: Catastro_COL_V1_2_ES.Catastro_Registro.PuntoLevantamiento...
Info: Catastro_COL_V1_2_ES.Catastro_Registro.Interesado...
Info: Catastro_COL_V1_2_ES.Catastro_Registro.InteresadoNatural...
Info: Catastro_COL_V1_2_ES.Catastro_Registro.InteresadoJuridico...
Info: Catastro_COL_V1_2_ES.Catastro_Registro.InteresadoNacion...
Info: Catastro_COL_V1_2_ES.Catastro_Registro.InteresadoBAUnit...
Info: Catastro_COL_V1_2_ES.Catastro_Registro.GrupoInteresado...
Info: Catastro_COL_V1_2_ES.Catastro_Registro.Fuente...
Info: Catastro_COL_V1_2_ES.Catastro_Registro.FuenteAdministrativa...
Info: Catastro_COL_V1_2_ES.Catastro_Registro.FuenteEspacial...
Info: Catastro_COL_V1_2_ES.Catastro_Registro.Derecho...
Info: Catastro_COL_V1_2_ES.Catastro_Registro.Responsabilidad...
Info: Catastro_COL_V1_2_ES.Catastro_Registro.Restriccion...
Info: Catastro_COL_V1_2_ES.Catastro_Registro.Hipoteca...
Info: Catastro_COL_V1_2_ES.Catastro_Registro.HipotecaDerecho...
Info: Catastro_COL_V1_2_ES.Catastro_Registro.Alerta...
Info: Catastro_COL_V1_2_ES.Catastro_Registro.AlertaInteresado...
Info: Catastro_COL_V1_2_ES.LimitesPoliticoAdministrativos.FronteraNacional...
Info: Catastro_COL_V1_2_ES.LimitesPoliticoAdministrativos.DivisionDepartamento...
Info: Catastro_COL_V1_2_ES.LimitesPoliticoAdministrativos.DivisionDistrito...
Info: Catastro_COL_V1_2_ES.LimitesPoliticoAdministrativos.DivisionMunicipio...
Info: Catastro_COL_V1_2_ES.LimitesPoliticoAdministrativos.DivisionCentroPoblado...
Info: Catastro_COL_V1_2_ES.LimitesPoliticoAdministrativos.PuntoLimite...
Info: Catastro_COL_V1_2_ES.LimitesOperativosCatastro.SectorCatastral...
Info: Catastro_COL_V1_2_ES.LimitesOperativosCatastro.LocalidadComuna...
Info: Catastro_COL_V1_2_ES.LimitesOperativosCatastro.Barrio...
Info: Catastro_COL_V1_2_ES.LimitesOperativosCatastro.Zona...
Info: Catastro_COL_V1_2_ES.LimitesOperativosCatastro.ManzanaVereda...
Info: Catastro_COL_V1_2_ES.LimitesOperativosCatastro.ZonaNivelTolerancia...
Info: Catastro_COL_V1_2_ES.Auxiliares.EstructuraLineal...
Info: Catastro_COL_V1_2_ES.Auxiliares.EstructuraPuntual...
Info: Catastro_COL_V1_2_ES.Avaluos.Predio...
Info: Catastro_COL_V1_2_ES.Avaluos.AvaluoPredio...
Info: Catastro_COL_V1_2_ES.Avaluos.Construccion...
Info: Catastro_COL_V1_2_ES.Avaluos.AvaluoConstruccion...
Info: Catastro_COL_V1_2_ES.Avaluos.UnidadConstruccion...
Info: Catastro_COL_V1_2_ES.Avaluos.AvaluoUnidadConstruccion...
Info: Catastro_COL_V1_2_ES.Avaluos.PredioMatrizPH...
Info: Catastro_COL_V1_2_ES.Avaluos.EquipamientoComunal...
Info: Catastro_COL_V1_2_ES.Avaluos.ZonaHomogeneaFisica...
Info: Catastro_COL_V1_2_ES.Avaluos.ZonaHomogeneaGeoeconomica...
Info: Catastro_COL_V1_2_ES.Ficha.Predio...
Info: Catastro_COL_V1_2_ES.Ficha.FichaPredioPredio...
Info: Catastro_COL_V1_2_ES.Ficha.NucleoFamiliar...
Info: Catastro_COL_V1_2_ES.Ficha.InvestigacionMercado...
Info: Catastro_COL_V1_2_ES.Ficha.AvaluoUConstruccion...
Info: export_ladm_co.xtf: Catastro_COL_V1_2_ES.Auxiliares BID=Catastro_COL_V1_2_ES.Auxiliares
Info: export_ladm_co.xtf: Catastro_COL_V1_2_ES.Avaluos BID=Catastro_COL_V1_2_ES.Avaluos
Info: export_ladm_co.xtf: Catastro_COL_V1_2_ES.Catastro_Registro BID=Catastro_COL_V1_2_ES.Catastro_Registro
Info:       3 objects in CLASS Catastro_COL_V1_2_ES.Catastro_Registro.InteresadoNatural
Info:   10343 objects in CLASS Catastro_COL_V1_2_ES.Catastro_Registro.Predio
Info:   10346 objects in CLASS LADM_V1.Oid
Info: export_ladm_co.xtf: Catastro_COL_V1_2_ES.Ficha BID=Catastro_COL_V1_2_ES.Ficha
Info: export_ladm_co.xtf: Catastro_COL_V1_2_ES.LimitesOperativosCatastro BID=Catastro_COL_V1_2_ES.LimitesOperativosCatastro
Info: export_ladm_co.xtf: Catastro_COL_V1_2_ES.LimitesPoliticoAdministrativos BID=Catastro_COL_V1_2_ES.LimitesPoliticoAdministrativos
Info: ...export done
